<?xml version="1.0" encoding="UTF-8"?>
<!-- Generated by org.testng.reporters.JUnitReportReporter -->
<testsuite hostname="amarendra-PC" name="demoJenkins.DemoJenkinsJobs" tests="1" failures="0" timestamp="5 Aug 2015 13:21:00 GMT" time="0.027" errors="0">
  <testcase name="HelloJenkins" time="0.027" classname="demoJenkins.DemoJenkinsJobs"/>
</testsuite> <!-- demoJenkins.DemoJenkinsJobs -->
